<?xml version="1.0" encoding="UTF-8"?>
<!-- Generated by org.testng.reporters.JUnitXMLReporter -->
<testsuite ignored="0" hostname="DESKTOP-Q83HANS" failures="1" tests="3" name="Test" time="104.331" errors="0" timestamp="2024-03-04T22:53:45 IST">
  <testcase classname="com.test.LaunchBrowser" name="launch_Test" time="34.449"/>
  <testcase classname="com.test.LaunchBrowser" name="Footer_all_Links_click" time="36.829">
    <failure type="java.lang.IndexOutOfBoundsException" message="Index 1 out of bounds for length 0">
      <![CDATA[java.lang.IndexOutOfBoundsException: Index 1 out of bounds for length 0
at java.base/jdk.internal.util.Preconditions.outOfBounds(Preconditions.java:64)
at java.base/jdk.internal.util.Preconditions.outOfBoundsCheckIndex(Preconditions.java:70)
at java.base/jdk.internal.util.Preconditions.checkIndex(Preconditions.java:266)
at java.base/java.util.Objects.checkIndex(Objects.java:361)
at java.base/java.util.ArrayList.get(ArrayList.java:427)
at com.test.LaunchBrowser.Footer_all_Links_click(LaunchBrowser.java:77)
at java.base/java.util.ArrayList.forEach(ArrayList.java:1511)
... Removed 27 stack frames]]>
    </failure>
  </testcase> <!-- Footer_all_Links_click -->
  <testcase classname="com.test.LaunchBrowser" name="Image_on_Page" time="30.033"/>
</testsuite> <!-- Test -->
