<?xml version="1.0" encoding="UTF-8"?>
<!-- Generated by org.testng.reporters.JUnitXMLReporter -->
<testsuite ignored="0" hostname="DESKTOP-Q83HANS" failures="0" tests="3" name="Test" time="514.925" errors="0" timestamp="2024-03-04T23:09:39 IST">
  <testcase classname="com.test.LaunchBrowser" name="launch_Test" time="16.115"/>
  <testcase classname="com.test.LaunchBrowser" name="Footer_all_Links_click" time="479.545"/>
  <testcase classname="com.test.LaunchBrowser" name="Image_on_Page" time="16.826"/>
</testsuite> <!-- Test -->
