<?xml version="1.0" encoding="UTF-8"?>
<testng-results ignored="0" total="3" passed="3" failed="0" skipped="0">
  <reporter-output>
  </reporter-output>
  <suite started-at="2024-03-04T23:01:04 IST" name="Suite" finished-at="2024-03-04T23:09:39 IST" duration-ms="514925">
    <groups>
    </groups>
    <test started-at="2024-03-04T23:01:04 IST" name="Test" finished-at="2024-03-04T23:09:39 IST" duration-ms="514925">
      <class name="com.test.LaunchBrowser">
        <test-method is-config="true" signature="beforesuite()[pri:0, instance:com.test.LaunchBrowser@3527942a]" started-at="2024-03-04T23:00:55 IST" name="beforesuite" finished-at="2024-03-04T23:01:04 IST" duration-ms="8887" status="PASS">
          <reporter-output>
          </reporter-output>
        </test-method> <!-- beforesuite -->
        <test-method is-config="true" signature="beforeTest()[pri:0, instance:com.test.LaunchBrowser@3527942a]" started-at="2024-03-04T23:01:04 IST" name="beforeTest" finished-at="2024-03-04T23:01:04 IST" duration-ms="48" status="PASS">
          <reporter-output>
          </reporter-output>
        </test-method> <!-- beforeTest -->
        <test-method is-config="true" signature="SuiteMethod()[pri:0, instance:com.test.LaunchBrowser@3527942a]" started-at="2024-03-04T23:01:04 IST" name="SuiteMethod" finished-at="2024-03-04T23:01:07 IST" duration-ms="2186" status="PASS">
          <reporter-output>
          </reporter-output>
        </test-method> <!-- SuiteMethod -->
        <test-method signature="launch_Test()[pri:1, instance:com.test.LaunchBrowser@3527942a]" started-at="2024-03-04T23:01:07 IST" name="launch_Test" finished-at="2024-03-04T23:01:23 IST" duration-ms="16115" status="PASS">
          <reporter-output>
          </reporter-output>
        </test-method> <!-- launch_Test -->
        <test-method signature="Footer_all_Links_click()[pri:3, instance:com.test.LaunchBrowser@3527942a]" started-at="2024-03-04T23:01:23 IST" name="Footer_all_Links_click" finished-at="2024-03-04T23:09:22 IST" duration-ms="479545" status="PASS">
          <reporter-output>
          </reporter-output>
        </test-method> <!-- Footer_all_Links_click -->
        <test-method signature="Image_on_Page()[pri:4, instance:com.test.LaunchBrowser@3527942a]" started-at="2024-03-04T23:09:22 IST" name="Image_on_Page" finished-at="2024-03-04T23:09:39 IST" duration-ms="16826" status="PASS">
          <reporter-output>
          </reporter-output>
        </test-method> <!-- Image_on_Page -->
        <test-method is-config="true" signature="aftersuite()[pri:0, instance:com.test.LaunchBrowser@3527942a]" started-at="2024-03-04T23:09:39 IST" name="aftersuite" finished-at="2024-03-04T23:09:42 IST" duration-ms="2857" status="PASS">
          <reporter-output>
          </reporter-output>
        </test-method> <!-- aftersuite -->
      </class> <!-- com.test.LaunchBrowser -->
    </test> <!-- Test -->
  </suite> <!-- Suite -->
</testng-results>
