<?xml version="1.0" encoding="UTF-8"?>
<testng-results ignored="0" total="3" passed="2" failed="1" skipped="0">
  <reporter-output>
  </reporter-output>
  <suite started-at="2024-03-04T22:52:00 IST" name="Suite" finished-at="2024-03-04T22:53:45 IST" duration-ms="104331">
    <groups>
    </groups>
    <test started-at="2024-03-04T22:52:00 IST" name="Test" finished-at="2024-03-04T22:53:45 IST" duration-ms="104331">
      <class name="com.test.LaunchBrowser">
        <test-method is-config="true" signature="beforesuite()[pri:0, instance:com.test.LaunchBrowser@d86a6f]" started-at="2024-03-04T22:51:49 IST" name="beforesuite" finished-at="2024-03-04T22:52:00 IST" duration-ms="11253" status="PASS">
          <reporter-output>
          </reporter-output>
        </test-method> <!-- beforesuite -->
        <test-method is-config="true" signature="beforeTest()[pri:0, instance:com.test.LaunchBrowser@d86a6f]" started-at="2024-03-04T22:52:00 IST" name="beforeTest" finished-at="2024-03-04T22:52:01 IST" duration-ms="120" status="PASS">
          <reporter-output>
          </reporter-output>
        </test-method> <!-- beforeTest -->
        <test-method is-config="true" signature="SuiteMethod()[pri:0, instance:com.test.LaunchBrowser@d86a6f]" started-at="2024-03-04T22:52:01 IST" name="SuiteMethod" finished-at="2024-03-04T22:52:03 IST" duration-ms="2809" status="PASS">
          <reporter-output>
          </reporter-output>
        </test-method> <!-- SuiteMethod -->
        <test-method signature="launch_Test()[pri:1, instance:com.test.LaunchBrowser@d86a6f]" started-at="2024-03-04T22:52:03 IST" name="launch_Test" finished-at="2024-03-04T22:52:38 IST" duration-ms="34449" status="PASS">
          <reporter-output>
          </reporter-output>
        </test-method> <!-- launch_Test -->
        <test-method signature="Footer_all_Links_click()[pri:3, instance:com.test.LaunchBrowser@d86a6f]" started-at="2024-03-04T22:52:38 IST" name="Footer_all_Links_click" finished-at="2024-03-04T22:53:15 IST" duration-ms="36829" status="FAIL">
          <exception class="java.lang.IndexOutOfBoundsException">
            <message>
              <![CDATA[Index 1 out of bounds for length 0]]>
            </message>
            <full-stacktrace>
              <![CDATA[java.lang.IndexOutOfBoundsException: Index 1 out of bounds for length 0
at java.base/jdk.internal.util.Preconditions.outOfBounds(Preconditions.java:64)
at java.base/jdk.internal.util.Preconditions.outOfBoundsCheckIndex(Preconditions.java:70)
at java.base/jdk.internal.util.Preconditions.checkIndex(Preconditions.java:266)
at java.base/java.util.Objects.checkIndex(Objects.java:361)
at java.base/java.util.ArrayList.get(ArrayList.java:427)
at com.test.LaunchBrowser.Footer_all_Links_click(LaunchBrowser.java:77)
at java.base/jdk.internal.reflect.NativeMethodAccessorImpl.invoke0(Native Method)
at java.base/jdk.internal.reflect.NativeMethodAccessorImpl.invoke(NativeMethodAccessorImpl.java:77)
at java.base/jdk.internal.reflect.DelegatingMethodAccessorImpl.invoke(DelegatingMethodAccessorImpl.java:43)
at java.base/java.lang.reflect.Method.invoke(Method.java:568)
at org.testng.internal.MethodInvocationHelper.invokeMethod(MethodInvocationHelper.java:133)
at org.testng.internal.TestInvoker.invokeMethod(TestInvoker.java:598)
at org.testng.internal.TestInvoker.invokeTestMethod(TestInvoker.java:173)
at org.testng.internal.MethodRunner.runInSequence(MethodRunner.java:46)
at org.testng.internal.TestInvoker$MethodInvocationAgent.invoke(TestInvoker.java:824)
at org.testng.internal.TestInvoker.invokeTestMethods(TestInvoker.java:146)
at org.testng.internal.TestMethodWorker.invokeTestMethods(TestMethodWorker.java:146)
at org.testng.internal.TestMethodWorker.run(TestMethodWorker.java:128)
at java.base/java.util.ArrayList.forEach(ArrayList.java:1511)
at org.testng.TestRunner.privateRun(TestRunner.java:794)
at org.testng.TestRunner.run(TestRunner.java:596)
at org.testng.SuiteRunner.runTest(SuiteRunner.java:377)
at org.testng.SuiteRunner.runSequentially(SuiteRunner.java:371)
at org.testng.SuiteRunner.privateRun(SuiteRunner.java:332)
at org.testng.SuiteRunner.run(SuiteRunner.java:276)
at org.testng.SuiteRunnerWorker.runSuite(SuiteRunnerWorker.java:53)
at org.testng.SuiteRunnerWorker.run(SuiteRunnerWorker.java:96)
at org.testng.TestNG.runSuitesSequentially(TestNG.java:1212)
at org.testng.TestNG.runSuitesLocally(TestNG.java:1134)
at org.testng.TestNG.runSuites(TestNG.java:1063)
at org.testng.TestNG.run(TestNG.java:1031)
at org.testng.remote.AbstractRemoteTestNG.run(AbstractRemoteTestNG.java:115)
at org.testng.remote.RemoteTestNG.initAndRun(RemoteTestNG.java:251)
at org.testng.remote.RemoteTestNG.main(RemoteTestNG.java:77)
]]>
            </full-stacktrace>
          </exception> <!-- java.lang.IndexOutOfBoundsException -->
          <reporter-output>
          </reporter-output>
        </test-method> <!-- Footer_all_Links_click -->
        <test-method signature="Image_on_Page()[pri:4, instance:com.test.LaunchBrowser@d86a6f]" started-at="2024-03-04T22:53:15 IST" name="Image_on_Page" finished-at="2024-03-04T22:53:45 IST" duration-ms="30033" status="PASS">
          <reporter-output>
          </reporter-output>
        </test-method> <!-- Image_on_Page -->
        <test-method is-config="true" signature="aftersuite()[pri:0, instance:com.test.LaunchBrowser@d86a6f]" started-at="2024-03-04T22:53:45 IST" name="aftersuite" finished-at="2024-03-04T22:53:47 IST" duration-ms="1749" status="PASS">
          <reporter-output>
          </reporter-output>
        </test-method> <!-- aftersuite -->
      </class> <!-- com.test.LaunchBrowser -->
    </test> <!-- Test -->
  </suite> <!-- Suite -->
</testng-results>
